<?xml version="1.0" encoding="UTF-8" ?>
<testsuite errors="0" failures="1" hostname="Guest642" name="TestMessageUtil" skipped="0" tests="2" time="0.085" timestamp="2017-04-13T18:35:00">
  <properties>
[...]
</properties>
  <testcase classname="TestMessageUtil" name="testSalutationMessage" time="0.022">
    <failure message="expected:&lt;Hi![]Robert&gt; but was:&lt;Hi![a]Robert&gt;" type="junit.framework.AssertionFailedError">junit.framework.AssertionFailedError: expected:&lt;Hi![]Robert&gt; but was:&lt;Hi![a]Robert&gt;
	at TestMessageUtil.testSalutationMessage(Unknown Source)
</failure>
  </testcase>
  <testcase classname="TestMessageUtil" name="testPrintMessage" time="0.0" />
  <system-out><![CDATA[Inside testSalutationMessage()
Hi!aRobert
Inside testPrintMessage()
Robert
]]></system-out>
  <system-err><![CDATA[]]></system-err>
</testsuite>
